\BOOKMARK [0][-]{chapter.1}{\376\377\000I\000n\000t\000r\000o\000d\000u\000c\000t\000i\000o\000n}{}% 1
\BOOKMARK [0][-]{chapter.2}{\376\377\000R\000e\000s\000e\000a\000r\000c\000h\000\040\000O\000b\000j\000e\000c\000t\000i\000v\000e\000s}{}% 2
\BOOKMARK [0][-]{chapter.3}{\376\377\000P\000r\000e\000l\000i\000m\000i\000n\000a\000r\000i\000e\000s}{}% 3
\BOOKMARK [1][-]{section.3.1}{\376\377\000N\000o\000t\000a\000t\000i\000o\000n\000s}{chapter.3}% 4
\BOOKMARK [1][-]{section.3.2}{\376\377\000M\000a\000t\000r\000i\000x\000\040\000E\000q\000u\000i\000v\000a\000l\000e\000n\000c\000e\000\040\000D\000i\000g\000i\000t\000a\000l\000\040\000S\000i\000g\000n\000a\000t\000u\000r\000e\000\040\000\050\000M\000E\000D\000S\000\051}{chapter.3}% 5
\BOOKMARK [2][-]{subsection.3.2.1}{\376\377\000S\000i\000g\000n\000a\000t\000u\000r\000e\000\040\000S\000c\000h\000e\000m\000e\000s}{section.3.2}% 6
\BOOKMARK [2][-]{subsection.3.2.2}{\376\377\000H\000o\000w\000\040\000M\000E\000D\000S\000\040\000W\000o\000r\000k\000s}{section.3.2}% 7
\BOOKMARK [2][-]{subsection.3.2.3}{\376\377\000P\000a\000r\000a\000m\000e\000t\000e\000r\000\040\000S\000e\000t\000s}{section.3.2}% 8
\BOOKMARK [2][-]{subsection.3.2.4}{\376\377\000M\000E\000D\000S\000\040\000A\000l\000g\000o\000r\000i\000t\000h\000m\000s}{section.3.2}% 9
\BOOKMARK [2][-]{subsection.3.2.5}{\376\377\000K\000n\000o\000w\000n\000\040\000A\000t\000t\000a\000c\000k\000s}{section.3.2}% 10
\BOOKMARK [1][-]{section.3.3}{\376\377\000A\000R\000M\000v\0008\000,\000\040\000C\000o\000r\000t\000e\000x\000-\000A\0007\0002\000,\000\040\000a\000n\000d\000\040\000N\000E\000O\000N}{chapter.3}% 11
\BOOKMARK [2][-]{subsection.3.3.1}{\376\377\000V\000e\000c\000t\000o\000r\000i\000z\000a\000t\000i\000o\000n\000\040\000a\000n\000d\000\040\000S\000I\000M\000D}{section.3.3}% 12
\BOOKMARK [2][-]{subsection.3.3.2}{\376\377\000C\000o\000r\000t\000e\000x\000-\000A\0007\0002\000\040\000M\000i\000c\000r\000o\000-\000A\000r\000c\000h\000i\000t\000e\000c\000t\000u\000r\000e}{section.3.3}% 13
\BOOKMARK [1][-]{section.3.4}{\376\377\000O\000p\000t\000i\000m\000i\000z\000i\000n\000g\000\040\000C\000r\000y\000p\000t\000o\000g\000r\000a\000p\000h\000i\000c\000\040\000S\000c\000h\000e\000m\000e\000s}{chapter.3}% 14
\BOOKMARK [2][-]{subsection.3.4.1}{\376\377\000B\000r\000a\000n\000c\000h\000i\000n\000g\000\040\000a\000n\000d\000\040\000C\000o\000n\000d\000i\000t\000i\000o\000n\000a\000l\000\040\000E\000x\000e\000c\000u\000t\000i\000o\000n}{section.3.4}% 15
\BOOKMARK [2][-]{subsection.3.4.2}{\376\377\000D\000a\000t\000a\000-\000D\000e\000p\000e\000n\000d\000e\000n\000t\000\040\000M\000e\000m\000o\000r\000y\000\040\000A\000c\000c\000e\000s\000s}{section.3.4}% 16
\BOOKMARK [2][-]{subsection.3.4.3}{\376\377\000N\000o\000n\000-\000C\000o\000n\000s\000t\000a\000n\000t\000-\000T\000i\000m\000e\000\040\000O\000p\000e\000r\000a\000t\000i\000o\000n\000s}{section.3.4}% 17
\BOOKMARK [2][-]{subsection.3.4.4}{\376\377\000P\000r\000e\000v\000e\000n\000t\000i\000n\000g\000\040\000T\000i\000m\000i\000n\000g\000\040\000A\000t\000t\000a\000c\000k\000s\000\040\000w\000i\000t\000h\000\040\000V\000a\000l\000g\000r\000i\000n\000d\000\040\000a\000n\000d\000\040\000T\000i\000m\000e\000c\000o\000p}{section.3.4}% 18
\BOOKMARK [1][-]{section.3.5}{\376\377\000R\000e\000l\000a\000t\000e\000d\000\040\000W\000o\000r\000k}{chapter.3}% 19
\BOOKMARK [0][-]{chapter.4}{\376\377\000P\000r\000o\000f\000i\000l\000i\000n\000g}{}% 20
\BOOKMARK [1][-]{section.4.1}{\376\377\000P\000r\000o\000f\000i\000l\000i\000n\000g\000\040\000T\000e\000c\000h\000n\000i\000q\000u\000e\000s}{chapter.4}% 21
\BOOKMARK [2][-]{subsection.4.1.1}{\376\377\000C\000y\000c\000l\000e\000\040\000C\000o\000u\000n\000t\000i\000n\000g}{section.4.1}% 22
\BOOKMARK [1][-]{section.4.2}{\376\377\000M\000E\000D\000S\000\040\000P\000r\000o\000f\000i\000l\000i\000n\000g\000\040\000R\000e\000s\000u\000l\000t\000s}{chapter.4}% 23
\BOOKMARK [2][-]{subsection.4.2.1}{\376\377\000M\000e\000a\000s\000u\000r\000e\000m\000e\000n\000t\000\040\000S\000e\000t\000u\000p}{section.4.2}% 24
\BOOKMARK [2][-]{subsection.4.2.2}{\376\377\000R\000e\000s\000u\000l\000t\000\040\000A\000n\000a\000l\000y\000s\000i\000s}{section.4.2}% 25
\BOOKMARK [0][-]{chapter.5}{\376\377\000M\000e\000t\000h\000o\000d\000o\000l\000o\000g\000y}{}% 26
\BOOKMARK [1][-]{section.5.1}{\376\377\000M\000o\000d\000u\000l\000a\000r\000\040\000R\000e\000d\000u\000c\000t\000i\000o\000n}{chapter.5}% 27
\BOOKMARK [2][-]{subsection.5.1.1}{\376\377\000B\000a\000r\000r\000e\000t\000t\000\040\000R\000e\000d\000u\000c\000t\000i\000o\000n}{section.5.1}% 28
\BOOKMARK [2][-]{subsection.5.1.2}{\376\377\000I\000m\000p\000l\000e\000m\000e\000n\000t\000a\000t\000i\000o\000n}{section.5.1}% 29
\BOOKMARK [2][-]{subsection.5.1.3}{\376\377\000F\000r\000e\000e\000z\000e\000\040\000O\000p\000e\000r\000a\000t\000i\000o\000n}{section.5.1}% 30
\BOOKMARK [1][-]{section.5.2}{\376\377\000L\000o\000w\000-\000L\000e\000v\000e\000l\000\040\000O\000p\000t\000i\000m\000i\000z\000a\000t\000i\000o\000n}{chapter.5}% 31
\BOOKMARK [2][-]{subsection.5.2.1}{\376\377\000M\000a\000t\000r\000i\000x\000\040\000M\000u\000l\000t\000i\000p\000l\000i\000c\000a\000t\000i\000o\000n}{section.5.2}% 32
\BOOKMARK [2][-]{subsection.5.2.2}{\376\377\000M\000a\000t\000r\000i\000x\000\040\000S\000y\000s\000t\000e\000m\000i\000z\000a\000t\000i\000o\000n}{section.5.2}% 33
\BOOKMARK [2][-]{subsection.5.2.3}{\376\377\000S\000y\000s\000t\000e\000m\000\040\000S\000o\000l\000v\000i\000n\000g}{section.5.2}% 34
\BOOKMARK [1][-]{section.5.3}{\376\377\000H\000i\000g\000h\000-\000L\000e\000v\000e\000l\000\040\000O\000p\000t\000i\000m\000i\000z\000a\000t\000i\000o\000n}{chapter.5}% 35
\BOOKMARK [2][-]{subsection.5.3.1}{\376\377\000P\000a\000r\000a\000l\000l\000e\000l\000i\000z\000a\000t\000i\000o\000n\000\040\000o\000f\000\040\000D\000a\000t\000a\000t\000y\000p\000e\000s\000\040\000a\000n\000d\000\040\000S\000u\000p\000p\000l\000e\000m\000e\000n\000t\000a\000l\000\040\000A\000l\000g\000o\000r\000i\000t\000h\000m\000s}{section.5.3}% 36
\BOOKMARK [2][-]{subsection.5.3.2}{\376\377\000P\000a\000r\000a\000l\000l\000e\000l\000i\000z\000a\000t\000i\000o\000n\000\040\000o\000f\000\040\000C\000o\000m\000m\000i\000t\000m\000e\000n\000t\000\040\000C\000o\000m\000p\000u\000t\000a\000t\000i\000o\000n\000s}{section.5.3}% 37
\BOOKMARK [2][-]{subsection.5.3.3}{\376\377\000L\000i\000m\000i\000t\000a\000t\000i\000o\000n\000s}{section.5.3}% 38
\BOOKMARK [1][-]{section.5.4}{\376\377\000B\000i\000t\000s\000t\000r\000e\000a\000m\000\040\000F\000i\000l\000l\000i\000n\000g}{chapter.5}% 39
\BOOKMARK [2][-]{subsection.5.4.1}{\376\377\000O\000p\000t\000i\000m\000i\000z\000i\000n\000g\000\040\000t\000h\000e\000\040\000E\000x\000i\000s\000t\000i\000n\000g\000\040\000A\000p\000p\000r\000o\000a\000c\000h}{section.5.4}% 40
\BOOKMARK [2][-]{subsection.5.4.2}{\376\377\000A\000l\000t\000e\000r\000n\000a\000t\000i\000v\000e\000\040\000A\000p\000p\000r\000o\000a\000c\000h}{section.5.4}% 41
\BOOKMARK [1][-]{section.5.5}{\376\377\000H\000a\000s\000h\000\040\000S\000t\000r\000u\000c\000t\000u\000r\000e}{chapter.5}% 42
\BOOKMARK [2][-]{subsection.5.5.1}{\376\377\000H\000a\000s\000h\000\040\000S\000t\000r\000u\000c\000t\000u\000r\000e\000\040\000O\000p\000t\000i\000m\000i\000z\000a\000t\000i\000o\000n}{section.5.5}% 43
\BOOKMARK [2][-]{subsection.5.5.2}{\376\377\000I\000m\000p\000l\000e\000m\000e\000n\000t\000a\000t\000i\000o\000n}{section.5.5}% 44
\BOOKMARK [1][-]{section.5.6}{\376\377\000N\000o\000n\000-\000C\000o\000n\000s\000t\000a\000n\000t\000\040\000T\000i\000m\000e\000\040\000I\000m\000p\000l\000e\000m\000e\000n\000t\000a\000t\000i\000o\000n\000s}{chapter.5}% 45
\BOOKMARK [2][-]{subsection.5.6.1}{\376\377\000F\000i\000n\000i\000t\000e\000\040\000F\000i\000e\000l\000d\000\040\000I\000n\000v\000e\000r\000s\000i\000o\000n}{section.5.6}% 46
\BOOKMARK [2][-]{subsection.5.6.2}{\376\377\000M\000a\000t\000r\000i\000x\000\040\000S\000y\000s\000t\000e\000m\000i\000z\000a\000t\000i\000o\000n}{section.5.6}% 47
\BOOKMARK [0][-]{chapter.6}{\376\377\000R\000e\000s\000u\000l\000t\000s}{}% 48
\BOOKMARK [1][-]{section.6.1}{\376\377\000L\000o\000w\000-\000L\000e\000v\000e\000l\000\040\000O\000p\000t\000i\000m\000i\000z\000a\000t\000i\000o\000n\000s}{chapter.6}% 49
\BOOKMARK [1][-]{section.6.2}{\376\377\000P\000r\000o\000f\000i\000l\000i\000n\000g\000\040\000I\000m\000p\000l\000e\000m\000e\000n\000t\000a\000t\000i\000o\000n\000\040\000V\000a\000r\000i\000a\000n\000t\000s}{chapter.6}% 50
\BOOKMARK [1][-]{section.6.3}{\376\377\000O\000v\000e\000r\000a\000l\000l\000\040\000P\000e\000r\000f\000o\000r\000m\000a\000n\000c\000e}{chapter.6}% 51
\BOOKMARK [1][-]{section.6.4}{\376\377\000C\000o\000m\000p\000a\000r\000i\000s\000o\000n\000\040\000t\000o\000\040\000S\000i\000m\000i\000l\000a\000r\000\040\000S\000c\000h\000e\000m\000e\000s}{chapter.6}% 52
\BOOKMARK [0][-]{chapter.7}{\376\377\000F\000u\000t\000u\000r\000e\000\040\000w\000o\000r\000k}{}% 53
\BOOKMARK [0][-]{chapter.8}{\376\377\000C\000o\000n\000c\000l\000u\000s\000i\000o\000n}{}% 54
\BOOKMARK [0][-]{appendix.A}{\376\377\000M\000E\000D\000S\000\040\000A\000l\000g\000o\000r\000i\000t\000h\000m\000s}{}% 55
\BOOKMARK [1][-]{section.A.1}{\376\377\000N\000o\000t\000a\000t\000i\000o\000n\000s\000\040\000a\000n\000d\000\040\000F\000u\000n\000c\000t\000i\000o\000n\000s}{appendix.A}% 56
\BOOKMARK [2][-]{subsection.A.1.1}{\376\377\000N\000o\000t\000a\000t\000i\000o\000n\000s}{section.A.1}% 57
\BOOKMARK [2][-]{subsection.A.1.2}{\376\377\000F\000u\000n\000c\000t\000i\000o\000n\000s}{section.A.1}% 58
\BOOKMARK [1][-]{section.A.2}{\376\377\000M\000a\000i\000n\000\040\000A\000l\000g\000o\000r\000i\000t\000h\000m\000s}{appendix.A}% 59
\BOOKMARK [1][-]{section.A.3}{\376\377\000S\000u\000p\000p\000l\000e\000m\000e\000n\000t\000a\000l\000\040\000A\000l\000g\000o\000r\000i\000t\000h\000m\000s}{appendix.A}% 60
\BOOKMARK [0][-]{appendix.B}{\376\377\000B\000e\000n\000c\000h\000m\000a\000r\000k\000\040\000R\000e\000s\000u\000l\000t\000s}{}% 61
